<?xml version="1.0" encoding="UTF-8"?>
<!-- Generated by org.testng.reporters.JUnitXMLReporter -->
<testsuite ignored="0" hostname="DESKTOP-QJ3QPCM" failures="0" tests="5" name="Default test(failed)" time="0.191" errors="0" timestamp="2025-02-27T16:25:51 IST">
  <testcase classname="testPackage.TestClass" name="@BeforeClass beforeclassopenBrowser" time="-1.740653751298E9">
    <failure type="org.testng.TestNGException" message="
Parameter &amp;apos;browserName&amp;apos; is required by BeforeClass on method beforeclassopenBrowser but has not been marked @Optional or defined
in D:\Maven and Cucumber Projects\amazon1\test-output\Default suite\testng-failed.xml">
      <![CDATA[org.testng.TestNGException: 
Parameter 'browserName' is required by BeforeClass on method beforeclassopenBrowser but has not been marked @Optional or defined
in D:\Maven and Cucumber Projects\amazon1\test-output\Default suite\testng-failed.xml
at java.base/java.util.ArrayList.forEach(ArrayList.java:1597)
... Removed 22 stack frames]]>
    </failure>
  </testcase> <!-- @BeforeClass beforeclassopenBrowser -->
  <testcase classname="testPackage.TestClass" name="@BeforeMethod objectCreationOfPomClasses" time="0.0">
    <skipped/>
  </testcase> <!-- @BeforeMethod objectCreationOfPomClasses -->
  <testcase classname="testPackage.TestClass" name="@AfterMethod closTheApplication" time="0.0">
    <skipped/>
  </testcase> <!-- @AfterMethod closTheApplication -->
  <testcase classname="testPackage.TestClass" name="@BeforeMethod objectCreationOfPomClasses" time="0.0">
    <skipped/>
  </testcase> <!-- @BeforeMethod objectCreationOfPomClasses -->
  <testcase classname="testPackage.TestClass" name="@AfterMethod closTheApplication" time="0.0">
    <skipped/>
  </testcase> <!-- @AfterMethod closTheApplication -->
  <testcase classname="testPackage.TestClass" name="@BeforeMethod objectCreationOfPomClasses" time="0.0">
    <skipped/>
  </testcase> <!-- @BeforeMethod objectCreationOfPomClasses -->
  <testcase classname="testPackage.TestClass" name="@AfterMethod closTheApplication" time="0.0">
    <skipped/>
  </testcase> <!-- @AfterMethod closTheApplication -->
  <testcase classname="testPackage.TestClass" name="@BeforeMethod objectCreationOfPomClasses" time="0.0">
    <skipped/>
  </testcase> <!-- @BeforeMethod objectCreationOfPomClasses -->
  <testcase classname="testPackage.TestClass" name="@AfterMethod closTheApplication" time="0.0">
    <skipped/>
  </testcase> <!-- @AfterMethod closTheApplication -->
  <testcase classname="testPackage.TestClass" name="@AfterClass quitBrowser" time="0.0">
    <skipped/>
  </testcase> <!-- @AfterClass quitBrowser -->
  <testcase classname="testPackage.TestClass" name="verifTtextOnProductpage" time="0.0">
    <skipped/>
  </testcase> <!-- verifTtextOnProductpage -->
  <testcase classname="testPackage.TestClass" name="a" time="0.0">
    <skipped/>
  </testcase> <!-- a -->
  <testcase classname="testPackage.TestClass" name="b" time="0.0">
    <skipped/>
  </testcase> <!-- b -->
  <testcase classname="testPackage.TestClass" name="b" time="0.0">
    <skipped/>
  </testcase> <!-- b -->
  <testcase classname="testPackage.TestClass" name="c" time="0.0">
    <skipped/>
  </testcase> <!-- c -->
</testsuite> <!-- Default test(failed) -->
