<?xml version="1.0" encoding="UTF-8"?>
<!-- Generated by org.testng.reporters.JUnitXMLReporter -->
<testsuite ignored="0" hostname="DESKTOP-QJ3QPCM" failures="0" tests="7" name="Default test" time="34.709" errors="0" timestamp="2025-02-24T20:26:02 IST">
  <testcase classname="testPackage.TestClass" name="@BeforeClass beforeclassopenBrowser" time="-1.740408927573E9">
    <failure type="org.testng.TestNGException" message="
Parameter &amp;apos;browserName&amp;apos; is required by BeforeClass on method beforeclassopenBrowser but has not been marked @Optional or defined
in C:\Users\Personal\AppData\Local\Temp\testng-eclipse--107631474\testng-customsuite.xml">
      <![CDATA[org.testng.TestNGException: 
Parameter 'browserName' is required by BeforeClass on method beforeclassopenBrowser but has not been marked @Optional or defined
in C:\Users\Personal\AppData\Local\Temp\testng-eclipse--107631474\testng-customsuite.xml
at org.testng.internal.Parameters.createParams(Parameters.java:264)
at org.testng.internal.Parameters.createParametersForMethod(Parameters.java:352)
at org.testng.internal.Parameters.createParameters(Parameters.java:690)
at org.testng.internal.Parameters.createConfigurationParameters(Parameters.java:163)
at org.testng.internal.invokers.ConfigInvoker.invokeConfigurations(ConfigInvoker.java:313)
at org.testng.internal.invokers.TestMethodWorker.invokeBeforeClassMethods(TestMethodWorker.java:188)
at org.testng.internal.invokers.TestMethodWorker.run(TestMethodWorker.java:128)
at java.base/java.util.ArrayList.forEach(ArrayList.java:1597)
at org.testng.TestRunner.privateRun(TestRunner.java:741)
at org.testng.TestRunner.run(TestRunner.java:616)
at org.testng.SuiteRunner.runTest(SuiteRunner.java:421)
at org.testng.SuiteRunner.runSequentially(SuiteRunner.java:413)
at org.testng.SuiteRunner.privateRun(SuiteRunner.java:373)
at org.testng.SuiteRunner.run(SuiteRunner.java:312)
at org.testng.SuiteRunnerWorker.runSuite(SuiteRunnerWorker.java:52)
at org.testng.SuiteRunnerWorker.run(SuiteRunnerWorker.java:95)
at org.testng.TestNG.runSuitesSequentially(TestNG.java:1274)
at org.testng.TestNG.runSuitesLocally(TestNG.java:1208)
at org.testng.TestNG.runSuites(TestNG.java:1112)
at org.testng.TestNG.run(TestNG.java:1079)
at org.testng.remote.AbstractRemoteTestNG.run(AbstractRemoteTestNG.java:115)
at org.testng.remote.RemoteTestNG.initAndRun(RemoteTestNG.java:293)
at org.testng.remote.RemoteTestNG.main(RemoteTestNG.java:91)
]]>
    </failure>
  </testcase> <!-- @BeforeClass beforeclassopenBrowser -->
  <testcase classname="testPackage.TestClass" name="@BeforeMethod objectCreationOfPomClasses" time="0.0">
    <skipped/>
  </testcase> <!-- @BeforeMethod objectCreationOfPomClasses -->
  <testcase classname="testPackage.TestClass" name="@AfterMethod closTheApplication" time="0.0">
    <skipped/>
  </testcase> <!-- @AfterMethod closTheApplication -->
  <testcase classname="testPackage.TestClass" name="@BeforeMethod objectCreationOfPomClasses" time="0.0">
    <skipped/>
  </testcase> <!-- @BeforeMethod objectCreationOfPomClasses -->
  <testcase classname="testPackage.TestClass" name="@AfterMethod closTheApplication" time="0.0">
    <skipped/>
  </testcase> <!-- @AfterMethod closTheApplication -->
  <testcase classname="testPackage.TestClass" name="@BeforeMethod objectCreationOfPomClasses" time="0.0">
    <skipped/>
  </testcase> <!-- @BeforeMethod objectCreationOfPomClasses -->
  <testcase classname="testPackage.TestClass" name="@AfterMethod closTheApplication" time="0.0">
    <skipped/>
  </testcase> <!-- @AfterMethod closTheApplication -->
  <testcase classname="testPackage.TestClass" name="@BeforeMethod objectCreationOfPomClasses" time="0.0">
    <skipped/>
  </testcase> <!-- @BeforeMethod objectCreationOfPomClasses -->
  <testcase classname="testPackage.TestClass" name="@AfterMethod closTheApplication" time="0.0">
    <skipped/>
  </testcase> <!-- @AfterMethod closTheApplication -->
  <testcase classname="testPackage.TestClass" name="@AfterClass quitBrowser" time="0.0">
    <skipped/>
  </testcase> <!-- @AfterClass quitBrowser -->
  <testcase classname="testPackage.Test2" name="@BeforeMethod beforemethod" time="2.229">
    <failure type="org.openqa.selenium.ElementClickInterceptedException" message="element click intercepted: Element &amp;lt;span class=&amp;quot;Label-sc-15v1nk5-0 CategoryMenu___StyledLabel-sc-d3svbp-1 gJxZPQ gYxTYh&amp;quot;&amp;gt;...&amp;lt;/span&amp;gt; is not clickable at point (35, 566). Other element would receive the click: &amp;lt;div class=&amp;quot;Toast___StyledDiv2-sc-1uergwq-2 fzMvcz&amp;quot; style=&amp;quot;transform: translate3d(0px, 100%, 0px);&amp;quot;&amp;gt;...&amp;lt;/div&amp;gt;
  (Session info: chrome=133.0.6943.127)
Build info: version: &amp;apos;4.28.1&amp;apos;, revision: &amp;apos;73f5ad48a2&amp;apos;
System info: os.name: &amp;apos;Windows 10&amp;apos;, os.arch: &amp;apos;amd64&amp;apos;, os.version: &amp;apos;10.0&amp;apos;, java.version: &amp;apos;23.0.2&amp;apos;
Driver info: org.openqa.selenium.chrome.ChromeDriver
Command: [3a460d4ab2b77616b4229c8a92588ea9, clickElement {id=f.3786846C252151907641380BCB62D466.d.C388C0D3970E96B5B02A52F9B7FC59D8.e.19}]
Capabilities {acceptInsecureCerts: false, browserName: chrome, browserVersion: 133.0.6943.127, chrome: {chromedriverVersion: 133.0.6943.126 (cffa127ce7b..., userDataDir: C:\Users\Personal\AppData\L...}, fedcm:accounts: true, goog:chromeOptions: {debuggerAddress: localhost:51884}, networkConnectionEnabled: false, pageLoadStrategy: normal, platformName: windows, proxy: Proxy(), se:cdp: ws://localhost:51884/devtoo..., se:cdpVersion: 133.0.6943.127, setWindowRect: true, strictFileInteractability: false, timeouts: {implicit: 0, pageLoad: 300000, script: 30000}, unhandledPromptBehavior: dismiss and notify, webauthn:extension:credBlob: true, webauthn:extension:largeBlob: true, webauthn:extension:minPinLength: true, webauthn:extension:prf: true, webauthn:virtualAuthenticators: true}
Element: [[ChromeDriver: chrome on windows (3a460d4ab2b77616b4229c8a92588ea9)] -&amp;gt; xpath: (//span[contains(text(),&amp;apos;Shop by&amp;apos;)])[2]]
Session ID: 3a460d4ab2b77616b4229c8a92588ea9">
      <![CDATA[org.openqa.selenium.ElementClickInterceptedException: element click intercepted: Element <span class="Label-sc-15v1nk5-0 CategoryMenu___StyledLabel-sc-d3svbp-1 gJxZPQ gYxTYh">...</span> is not clickable at point (35, 566). Other element would receive the click: <div class="Toast___StyledDiv2-sc-1uergwq-2 fzMvcz" style="transform: translate3d(0px, 100%, 0px);">...</div>
  (Session info: chrome=133.0.6943.127)
Build info: version: '4.28.1', revision: '73f5ad48a2'
System info: os.name: 'Windows 10', os.arch: 'amd64', os.version: '10.0', java.version: '23.0.2'
Driver info: org.openqa.selenium.chrome.ChromeDriver
Command: [3a460d4ab2b77616b4229c8a92588ea9, clickElement {id=f.3786846C252151907641380BCB62D466.d.C388C0D3970E96B5B02A52F9B7FC59D8.e.19}]
Capabilities {acceptInsecureCerts: false, browserName: chrome, browserVersion: 133.0.6943.127, chrome: {chromedriverVersion: 133.0.6943.126 (cffa127ce7b..., userDataDir: C:\Users\Personal\AppData\L...}, fedcm:accounts: true, goog:chromeOptions: {debuggerAddress: localhost:51884}, networkConnectionEnabled: false, pageLoadStrategy: normal, platformName: windows, proxy: Proxy(), se:cdp: ws://localhost:51884/devtoo..., se:cdpVersion: 133.0.6943.127, setWindowRect: true, strictFileInteractability: false, timeouts: {implicit: 0, pageLoad: 300000, script: 30000}, unhandledPromptBehavior: dismiss and notify, webauthn:extension:credBlob: true, webauthn:extension:largeBlob: true, webauthn:extension:minPinLength: true, webauthn:extension:prf: true, webauthn:virtualAuthenticators: true}
Element: [[ChromeDriver: chrome on windows (3a460d4ab2b77616b4229c8a92588ea9)] -> xpath: (//span[contains(text(),'Shop by')])[2]]
Session ID: 3a460d4ab2b77616b4229c8a92588ea9
at java.base/jdk.internal.reflect.DirectConstructorHandleAccessor.newInstance(DirectConstructorHandleAccessor.java:62)
at java.base/java.lang.reflect.Constructor.newInstanceWithCaller(Constructor.java:501)
at java.base/java.lang.reflect.Constructor.newInstance(Constructor.java:485)
at org.openqa.selenium.remote.ErrorCodec.decode(ErrorCodec.java:167)
at org.openqa.selenium.remote.codec.w3c.W3CHttpResponseCodec.decode(W3CHttpResponseCodec.java:138)
at org.openqa.selenium.remote.codec.w3c.W3CHttpResponseCodec.decode(W3CHttpResponseCodec.java:50)
at org.openqa.selenium.remote.HttpCommandExecutor.execute(HttpCommandExecutor.java:215)
at org.openqa.selenium.remote.service.DriverCommandExecutor.invokeExecute(DriverCommandExecutor.java:216)
at org.openqa.selenium.remote.service.DriverCommandExecutor.execute(DriverCommandExecutor.java:174)
at org.openqa.selenium.remote.RemoteWebDriver.execute(RemoteWebDriver.java:545)
at org.openqa.selenium.remote.RemoteWebElement.execute(RemoteWebElement.java:223)
at org.openqa.selenium.remote.RemoteWebElement.click(RemoteWebElement.java:76)
at java.base/jdk.internal.reflect.DirectMethodHandleAccessor.invoke(DirectMethodHandleAccessor.java:103)
at java.base/java.lang.reflect.Method.invoke(Method.java:580)
at org.openqa.selenium.support.pagefactory.internal.LocatingElementHandler.invoke(LocatingElementHandler.java:51)
at jdk.proxy2/jdk.proxy2.$Proxy17.click(Unknown Source)
at pomPackage.HomePage.clickOnShowByButton(HomePage.java:37)
at testPackage.Test2.beforemethod(Test2.java:41)
at java.base/jdk.internal.reflect.DirectMethodHandleAccessor.invoke(DirectMethodHandleAccessor.java:103)
at java.base/java.lang.reflect.Method.invoke(Method.java:580)
at org.testng.internal.invokers.MethodInvocationHelper.invokeMethod(MethodInvocationHelper.java:141)
at org.testng.internal.invokers.MethodInvocationHelper.invokeMethodConsideringTimeout(MethodInvocationHelper.java:71)
at org.testng.internal.invokers.ConfigInvoker.invokeConfigurationMethod(ConfigInvoker.java:400)
at org.testng.internal.invokers.ConfigInvoker.invokeConfigurations(ConfigInvoker.java:333)
at org.testng.internal.invokers.TestInvoker.runConfigMethods(TestInvoker.java:836)
at org.testng.internal.invokers.TestInvoker.invokeMethod(TestInvoker.java:601)
at org.testng.internal.invokers.TestInvoker.invokeTestMethod(TestInvoker.java:230)
at org.testng.internal.invokers.MethodRunner.runInSequence(MethodRunner.java:63)
at org.testng.internal.invokers.TestInvoker$MethodInvocationAgent.invoke(TestInvoker.java:995)
at org.testng.internal.invokers.TestInvoker.invokeTestMethods(TestInvoker.java:203)
at org.testng.internal.invokers.TestMethodWorker.invokeTestMethods(TestMethodWorker.java:154)
at org.testng.internal.invokers.TestMethodWorker.run(TestMethodWorker.java:134)
at java.base/java.util.ArrayList.forEach(ArrayList.java:1597)
at org.testng.TestRunner.privateRun(TestRunner.java:741)
at org.testng.TestRunner.run(TestRunner.java:616)
at org.testng.SuiteRunner.runTest(SuiteRunner.java:421)
at org.testng.SuiteRunner.runSequentially(SuiteRunner.java:413)
at org.testng.SuiteRunner.privateRun(SuiteRunner.java:373)
at org.testng.SuiteRunner.run(SuiteRunner.java:312)
at org.testng.SuiteRunnerWorker.runSuite(SuiteRunnerWorker.java:52)
at org.testng.SuiteRunnerWorker.run(SuiteRunnerWorker.java:95)
at org.testng.TestNG.runSuitesSequentially(TestNG.java:1274)
at org.testng.TestNG.runSuitesLocally(TestNG.java:1208)
at org.testng.TestNG.runSuites(TestNG.java:1112)
at org.testng.TestNG.run(TestNG.java:1079)
at org.testng.remote.AbstractRemoteTestNG.run(AbstractRemoteTestNG.java:115)
at org.testng.remote.RemoteTestNG.initAndRun(RemoteTestNG.java:293)
at org.testng.remote.RemoteTestNG.main(RemoteTestNG.java:91)
]]>
    </failure>
  </testcase> <!-- @BeforeMethod beforemethod -->
  <testcase classname="testPackage.Test2" name="@AfterMethod closeapp" time="0.0">
    <skipped/>
  </testcase> <!-- @AfterMethod closeapp -->
  <testcase classname="testPackage.Test2" name="@AfterClass closebrowser" time="0.0">
    <skipped/>
  </testcase> <!-- @AfterClass closebrowser -->
  <testcase classname="testPackage.TestClass" name="verifTtextOnProductpage" time="0.0">
    <skipped/>
  </testcase> <!-- verifTtextOnProductpage -->
  <testcase classname="testPackage.TestClass" name="a" time="0.0">
    <skipped/>
  </testcase> <!-- a -->
  <testcase classname="testPackage.TestClass" name="b" time="0.004">
    <skipped/>
  </testcase> <!-- b -->
  <testcase classname="testPackage.TestClass" name="b" time="0.0">
    <skipped/>
  </testcase> <!-- b -->
  <testcase classname="testPackage.TestClass" name="c" time="0.001">
    <skipped/>
  </testcase> <!-- c -->
  <testcase classname="testPackage.Test3" name="verifTtextOnProductpage" time="0.527"/>
  <testcase classname="testPackage.Test2" name="verifTtextOnProductpage" time="0.0">
    <skipped/>
  </testcase> <!-- verifTtextOnProductpage -->
</testsuite> <!-- Default test -->
