<?xml version="1.0" encoding="UTF-8"?>
<!-- Generated by org.testng.reporters.JUnitXMLReporter -->
<testsuite ignored="0" hostname="DESKTOP-QJ3QPCM" failures="1" tests="5" name="chromeTest3" time="27.141" errors="0" timestamp="2025-02-20T00:20:39 IST">
  <testcase classname="testPackage.TestClass" name="verifTtextOnProductpage" time="6.436"/>
  <testcase classname="testPackage.TestClass" name="a" time="0.022"/>
  <testcase classname="testPackage.TestClass" name="b" time="0.003"/>
  <testcase classname="testPackage.TestClass" name="b" time="0.008"/>
  <testcase classname="testPackage.TestClass" name="c" time="0.004">
    <failure type="java.lang.AssertionError" message="null">
      <![CDATA[java.lang.AssertionError: null
at testPackage.TestClass.c(TestClass.java:90)
at java.base/java.util.ArrayList.forEach(ArrayList.java:1597)
... Removed 27 stack frames]]>
    </failure>
  </testcase> <!-- c -->
</testsuite> <!-- chromeTest3 -->
