<?xml version="1.0" encoding="UTF-8"?>
<!-- Generated by org.testng.reporters.JUnitXMLReporter -->
<testsuite ignored="0" hostname="DESKTOP-QJ3QPCM" failures="0" tests="5" name="chromeTest" time="45.115" errors="0" timestamp="2025-02-28T14:42:09 IST">
  <testcase classname="testPackage.TestClass" name="@AfterMethod closTheApplication" time="3.0">
    <failure type="org.openqa.selenium.WebDriverException" message="Timed out waiting for driver server to stop.
Build info: version: &amp;apos;4.28.1&amp;apos;, revision: &amp;apos;73f5ad48a2&amp;apos;
System info: os.name: &amp;apos;Windows 10&amp;apos;, os.arch: &amp;apos;amd64&amp;apos;, os.version: &amp;apos;10.0&amp;apos;, java.version: &amp;apos;23.0.2&amp;apos;
Driver info: org.openqa.selenium.firefox.FirefoxDriver
Command: [6514ed90-696c-4665-8008-1ec692782c2e, quit {}]
Capabilities {acceptInsecureCerts: true, browserName: firefox, browserVersion: 135.0.1, moz:accessibilityChecks: false, moz:buildID: 20250216192613, moz:debuggerAddress: 127.0.0.1:46248, moz:geckodriverVersion: 0.36.0, moz:headless: false, moz:platformVersion: 10.0, moz:processID: 10204, moz:profile: C:\Users\Personal\AppData\L..., moz:shutdownTimeout: 60000, moz:webdriverClick: true, moz:windowless: false, pageLoadStrategy: normal, platformName: windows, proxy: Proxy(), se:cdp: ws://127.0.0.1:46248/devtoo..., se:cdpVersion: 85.0, setWindowRect: true, strictFileInteractability: false, timeouts: {implicit: 0, pageLoad: 300000, script: 30000}, unhandledPromptBehavior: dismiss and notify, userAgent: Mozilla/5.0 (Windows NT 10....}">
      <![CDATA[org.openqa.selenium.WebDriverException: Timed out waiting for driver server to stop.
Build info: version: '4.28.1', revision: '73f5ad48a2'
System info: os.name: 'Windows 10', os.arch: 'amd64', os.version: '10.0', java.version: '23.0.2'
Driver info: org.openqa.selenium.firefox.FirefoxDriver
Command: [6514ed90-696c-4665-8008-1ec692782c2e, quit {}]
Capabilities {acceptInsecureCerts: true, browserName: firefox, browserVersion: 135.0.1, moz:accessibilityChecks: false, moz:buildID: 20250216192613, moz:debuggerAddress: 127.0.0.1:46248, moz:geckodriverVersion: 0.36.0, moz:headless: false, moz:platformVersion: 10.0, moz:processID: 10204, moz:profile: C:\Users\Personal\AppData\L..., moz:shutdownTimeout: 60000, moz:webdriverClick: true, moz:windowless: false, pageLoadStrategy: normal, platformName: windows, proxy: Proxy(), se:cdp: ws://127.0.0.1:46248/devtoo..., se:cdpVersion: 85.0, setWindowRect: true, strictFileInteractability: false, timeouts: {implicit: 0, pageLoad: 300000, script: 30000}, unhandledPromptBehavior: dismiss and notify, userAgent: Mozilla/5.0 (Windows NT 10....}
at org.openqa.selenium.remote.service.DriverCommandExecutor.execute(DriverCommandExecutor.java:164)
at org.openqa.selenium.remote.RemoteWebDriver.execute(RemoteWebDriver.java:545)
at org.openqa.selenium.remote.RemoteWebDriver.execute(RemoteWebDriver.java:618)
at org.openqa.selenium.remote.RemoteWebDriver.execute(RemoteWebDriver.java:622)
at org.openqa.selenium.remote.RemoteWebDriver.quit(RemoteWebDriver.java:446)
at org.openqa.selenium.firefox.FirefoxDriver.quit(FirefoxDriver.java:404)
at basePackage.BaseClass.closeBrowser(BaseClass.java:51)
at testPackage.TestClass.closTheApplication(TestClass.java:97)
at java.base/java.util.ArrayList.forEach(ArrayList.java:1597)
at java.base/java.util.concurrent.FutureTask.run(FutureTask.java:317)
at java.base/java.util.concurrent.ThreadPoolExecutor.runWorker(ThreadPoolExecutor.java:1144)
at java.base/java.util.concurrent.ThreadPoolExecutor$Worker.run(ThreadPoolExecutor.java:642)
at java.base/java.lang.Thread.run(Thread.java:1575)
Caused by: java.util.concurrent.ExecutionException: java.io.UncheckedIOException: java.io.IOException: Task jdk.internal.net.http.SocketTube$InternalWriteSubscriber$$Lambda/0x000001cd05281848@5919b023 rejected from java.util.concurrent.ThreadPoolExecutor@71198fa6[Shutting down, pool size = 6, active threads = 2, queued tasks = 0, completed tasks = 260]
at java.base/java.util.concurrent.CompletableFuture.wrapInExecutionException(CompletableFuture.java:345)
at java.base/java.util.concurrent.CompletableFuture.reportGet(CompletableFuture.java:440)
at java.base/java.util.concurrent.CompletableFuture.get(CompletableFuture.java:2140)
at org.openqa.selenium.remote.service.DriverCommandExecutor.execute(DriverCommandExecutor.java:160)
... 32 more
Caused by: java.io.UncheckedIOException: java.io.IOException: Task jdk.internal.net.http.SocketTube$InternalWriteSubscriber$$Lambda/0x000001cd05281848@5919b023 rejected from java.util.concurrent.ThreadPoolExecutor@71198fa6[Shutting down, pool size = 6, active threads = 2, queued tasks = 0, completed tasks = 260]
at org.openqa.selenium.remote.http.jdk.JdkHttpClient.execute0(JdkHttpClient.java:497)
at org.openqa.selenium.remote.http.AddSeleniumUserAgent.lambda$apply$0(AddSeleniumUserAgent.java:42)
at org.openqa.selenium.remote.http.Filter.lambda$andFinally$1(Filter.java:55)
at org.openqa.selenium.remote.http.jdk.JdkHttpClient.lambda$executeAsync$1(JdkHttpClient.java:384)
at java.base/java.util.concurrent.Executors$RunnableAdapter.call(Executors.java:572)
... 4 more
Caused by: java.io.IOException: Task jdk.internal.net.http.SocketTube$InternalWriteSubscriber$$Lambda/0x000001cd05281848@5919b023 rejected from java.util.concurrent.ThreadPoolExecutor@71198fa6[Shutting down, pool size = 6, active threads = 2, queued tasks = 0, completed tasks = 260]
at java.net.http/jdk.internal.net.http.HttpClientImpl.send(HttpClientImpl.java:973)
at java.net.http/jdk.internal.net.http.HttpClientFacade.send(HttpClientFacade.java:133)
at org.openqa.selenium.remote.http.jdk.JdkHttpClient.execute0(JdkHttpClient.java:456)
... 8 more
Caused by: java.util.concurrent.RejectedExecutionException: Task jdk.internal.net.http.SocketTube$InternalWriteSubscriber$$Lambda/0x000001cd05281848@5919b023 rejected from java.util.concurrent.ThreadPoolExecutor@71198fa6[Shutting down, pool size = 6, active threads = 2, queued tasks = 0, completed tasks = 260]
at java.base/java.util.concurrent.ThreadPoolExecutor$AbortPolicy.rejectedExecution(ThreadPoolExecutor.java:2082)
at java.base/java.util.concurrent.ThreadPoolExecutor.reject(ThreadPoolExecutor.java:841)
at java.base/java.util.concurrent.ThreadPoolExecutor.execute(ThreadPoolExecutor.java:1377)
at java.net.http/jdk.internal.net.http.HttpClientImpl$DelegatingExecutor.ensureExecutedAsync(HttpClientImpl.java:184)
at java.net.http/jdk.internal.net.http.HttpClientImpl$DelegatingExecutor.execute(HttpClientImpl.java:176)
at java.net.http/jdk.internal.net.http.SocketTube$InternalWriteSubscriber.startSubscription(SocketTube.java:396)
at java.net.http/jdk.internal.net.http.AsyncTriggerEvent.handle(AsyncTriggerEvent.java:54)
at java.net.http/jdk.internal.net.http.HttpClientImpl$SelectorManager.run(HttpClientImpl.java:1325)
... Removed 20 stack frames]]>
    </failure>
  </testcase> <!-- @AfterMethod closTheApplication -->
  <testcase classname="testPackage.TestClass" name="@BeforeMethod objectCreationOfPomClasses" time="0.0">
    <skipped/>
  </testcase> <!-- @BeforeMethod objectCreationOfPomClasses -->
  <testcase classname="testPackage.TestClass" name="@AfterMethod closTheApplication" time="0.0">
    <skipped/>
  </testcase> <!-- @AfterMethod closTheApplication -->
  <testcase classname="testPackage.TestClass" name="@BeforeMethod objectCreationOfPomClasses" time="0.0">
    <skipped/>
  </testcase> <!-- @BeforeMethod objectCreationOfPomClasses -->
  <testcase classname="testPackage.TestClass" name="@AfterMethod closTheApplication" time="0.0">
    <skipped/>
  </testcase> <!-- @AfterMethod closTheApplication -->
  <testcase classname="testPackage.TestClass" name="@BeforeMethod objectCreationOfPomClasses" time="0.0">
    <skipped/>
  </testcase> <!-- @BeforeMethod objectCreationOfPomClasses -->
  <testcase classname="testPackage.TestClass" name="@AfterMethod closTheApplication" time="0.0">
    <skipped/>
  </testcase> <!-- @AfterMethod closTheApplication -->
  <testcase classname="testPackage.TestClass" name="@BeforeMethod objectCreationOfPomClasses" time="0.0">
    <skipped/>
  </testcase> <!-- @BeforeMethod objectCreationOfPomClasses -->
  <testcase classname="testPackage.TestClass" name="@AfterMethod closTheApplication" time="0.0">
    <skipped/>
  </testcase> <!-- @AfterMethod closTheApplication -->
  <testcase classname="testPackage.TestClass" name="@AfterClass quitBrowser" time="0.0">
    <skipped/>
  </testcase> <!-- @AfterClass quitBrowser -->
  <testcase classname="testPackage.TestClass" name="verifTtextOnProductpage" time="6.967"/>
  <testcase classname="testPackage.TestClass" name="a" time="0.041"/>
  <testcase classname="testPackage.TestClass" name="b" time="0.003"/>
  <testcase classname="testPackage.TestClass" name="b" time="0.004"/>
  <testcase classname="testPackage.TestClass" name="c" time="0.0"/>
</testsuite> <!-- chromeTest -->
