<!DOCTYPE html PUBLIC "-//W3C//DTD XHTML 1.1//EN" "https://www.w3.org/TR/xhtml11/DTD/xhtml11.dtd">
<html xmlns="https://www.w3.org/1999/xhtml">
<head>
<meta http-equiv="content-type" content="text/html; charset=UTF-8"/>
<title>TestNG Report</title>
<style type="text/css">table {margin-bottom:10px;border-collapse:collapse;empty-cells:show}th,td {border:1px solid #009;padding:.25em .5em}th {vertical-align:bottom}td {vertical-align:top}table a {font-weight:bold}.stripe td {background-color: #E6EBF9}.num {text-align:right}.passedodd td {background-color: #3F3}.passedeven td {background-color: #0A0}.skippedodd td {background-color: #DDD}.skippedeven td {background-color: #CCC}.failedodd td,.attn {background-color: #F33}.failedeven td,.stripe .attn {background-color: #D00}.stacktrace {white-space:pre;font-family:monospace}.totop {font-size:85%;text-align:center;border-bottom:2px solid #000}.invisible {display:none}</style>
</head>
<body>
<table>
<tr><th>Test</th><th># Passed</th><th># Skipped</th><th># Retried</th><th># Failed</th><th>Time (ms)</th><th>Included Groups</th><th>Excluded Groups</th></tr>
<tr><th colspan="8">Failed suite [Default suite]</th></tr>
<tr><td><a href="#t0">Default test(failed)</a></td><td class="num">0</td><td class="num attn">5</td><td class="num">0</td><td class="num">0</td><td class="num">191</td><td></td><td></td></tr>
</table>
<table id='summary'><thead><tr><th>Class</th><th>Method</th><th>Start</th><th>Time (ms)</th></tr></thead><tbody><tr><th colspan="4">Failed suite [Default suite]</th></tr></tbody><tbody id="t0"><tr><th colspan="4">Default test(failed) &#8212; failed (configuration methods)</th></tr><tr class="failedeven"><td rowspan="1">testPackage.TestClass</td><td><a href="#m0">beforeclassopenBrowser</a></td><td rowspan="1">1740653751298</td><td rowspan="1">-1740653751298</td></tr><tr><th colspan="4">Default test(failed) &#8212; skipped (configuration methods)</th></tr><tr class="skippedeven"><td rowspan="9">testPackage.TestClass</td><td><a href="#m1">closTheApplication</a></td><td rowspan="4">1740653751408</td><td rowspan="4">0</td></tr><tr class="skippedeven"><td><a href="#m2">closTheApplication</a></td></tr><tr class="skippedeven"><td><a href="#m3">closTheApplication</a></td></tr><tr class="skippedeven"><td><a href="#m4">closTheApplication</a></td></tr><tr class="skippedeven"><td><a href="#m5">objectCreationOfPomClasses</a></td><td rowspan="4">1740653751412</td><td rowspan="4">0</td></tr><tr class="skippedeven"><td><a href="#m6">objectCreationOfPomClasses</a></td></tr><tr class="skippedeven"><td><a href="#m7">objectCreationOfPomClasses</a></td></tr><tr class="skippedeven"><td><a href="#m8">objectCreationOfPomClasses</a></td></tr><tr class="skippedeven"><td><a href="#m9">quitBrowser</a></td><td rowspan="1">1740653751446</td><td rowspan="1">0</td></tr><tr><th colspan="4">Default test(failed) &#8212; skipped</th></tr><tr class="skippedeven"><td rowspan="5">testPackage.TestClass</td><td><a href="#m10">a</a></td><td rowspan="1">1740653751379</td><td rowspan="1">0</td></tr><tr class="skippedeven"><td><a href="#m11">b</a></td><td rowspan="2">1740653751416</td><td rowspan="2">0</td></tr><tr class="skippedeven"><td><a href="#m12">b</a></td></tr><tr class="skippedeven"><td><a href="#m13">c</a></td><td rowspan="1">1740653751434</td><td rowspan="1">0</td></tr><tr class="skippedeven"><td><a href="#m14">verifTtextOnProductpage</a></td><td rowspan="1">1740653751356</td><td rowspan="1">0</td></tr></tbody>
</table>
<h2>Default test(failed)</h2><h3 id="m0">testPackage.TestClass#beforeclassopenBrowser</h3><table class="result"><tr><th>Exception</th></tr><tr><td><div class="stacktrace">org.testng.TestNGException: 
Parameter &apos;browserName&apos; is required by BeforeClass on method beforeclassopenBrowser but has not been marked @Optional or defined
in D:\Maven and Cucumber Projects\amazon1\test-output\Default suite\testng-failed.xml
	at java.base/java.util.ArrayList.forEach(ArrayList.java:1597)
... Removed 22 stack frames</div></td></tr></table><p class="totop"><a href="#summary">back to summary</a></p>
<h3 id="m1">testPackage.TestClass#closTheApplication</h3><table class="result"><tr><th class="invisible"/></tr></table><p class="totop"><a href="#summary">back to summary</a></p>
<h3 id="m2">testPackage.TestClass#closTheApplication</h3><table class="result"><tr><th class="invisible"/></tr></table><p class="totop"><a href="#summary">back to summary</a></p>
<h3 id="m3">testPackage.TestClass#closTheApplication</h3><table class="result"><tr><th class="invisible"/></tr></table><p class="totop"><a href="#summary">back to summary</a></p>
<h3 id="m4">testPackage.TestClass#closTheApplication</h3><table class="result"><tr><th class="invisible"/></tr></table><p class="totop"><a href="#summary">back to summary</a></p>
<h3 id="m5">testPackage.TestClass#objectCreationOfPomClasses</h3><table class="result"><tr><th class="invisible"/></tr></table><p class="totop"><a href="#summary">back to summary</a></p>
<h3 id="m6">testPackage.TestClass#objectCreationOfPomClasses</h3><table class="result"><tr><th class="invisible"/></tr></table><p class="totop"><a href="#summary">back to summary</a></p>
<h3 id="m7">testPackage.TestClass#objectCreationOfPomClasses</h3><table class="result"><tr><th class="invisible"/></tr></table><p class="totop"><a href="#summary">back to summary</a></p>
<h3 id="m8">testPackage.TestClass#objectCreationOfPomClasses</h3><table class="result"><tr><th class="invisible"/></tr></table><p class="totop"><a href="#summary">back to summary</a></p>
<h3 id="m9">testPackage.TestClass#quitBrowser</h3><table class="result"><tr><th class="invisible"/></tr></table><p class="totop"><a href="#summary">back to summary</a></p>
<h3 id="m10">testPackage.TestClass#a</h3><table class="result"><tr><th>Exception</th></tr><tr><td><div class="stacktrace">java.lang.Throwable: Method testPackage.TestClass.a() on instance testPackage.TestClass@192c3f1e depends on not successfully finished methods 
[testPackage.TestClass.verifTtextOnProductpage() on instance testPackage.TestClass@192c3f1e]
	at java.base/java.util.ArrayList.forEach(ArrayList.java:1597)
... Removed 18 stack frames</div></td></tr></table><p class="totop"><a href="#summary">back to summary</a></p>
<h3 id="m11">testPackage.TestClass#b</h3><table class="result"><tr><th>Exception</th></tr><tr><td><div class="stacktrace">org.testng.TestNGException: 
Parameter &apos;browserName&apos; is required by BeforeClass on method beforeclassopenBrowser but has not been marked @Optional or defined
in D:\Maven and Cucumber Projects\amazon1\test-output\Default suite\testng-failed.xml
	at java.base/java.util.ArrayList.forEach(ArrayList.java:1597)
... Removed 22 stack frames</div></td></tr></table><p class="totop"><a href="#summary">back to summary</a></p>
<h3 id="m12">testPackage.TestClass#b</h3><table class="result"><tr><th>Exception</th></tr><tr><td><div class="stacktrace">org.testng.TestNGException: 
Parameter &apos;browserName&apos; is required by BeforeClass on method beforeclassopenBrowser but has not been marked @Optional or defined
in D:\Maven and Cucumber Projects\amazon1\test-output\Default suite\testng-failed.xml
	at java.base/java.util.ArrayList.forEach(ArrayList.java:1597)
... Removed 22 stack frames</div></td></tr></table><p class="totop"><a href="#summary">back to summary</a></p>
<h3 id="m13">testPackage.TestClass#c</h3><table class="result"><tr><th>Exception</th></tr><tr><td><div class="stacktrace">org.testng.TestNGException: 
Parameter &apos;browserName&apos; is required by BeforeClass on method beforeclassopenBrowser but has not been marked @Optional or defined
in D:\Maven and Cucumber Projects\amazon1\test-output\Default suite\testng-failed.xml
	at java.base/java.util.ArrayList.forEach(ArrayList.java:1597)
... Removed 22 stack frames</div></td></tr></table><p class="totop"><a href="#summary">back to summary</a></p>
<h3 id="m14">testPackage.TestClass#verifTtextOnProductpage</h3><table class="result"><tr><th>Exception</th></tr><tr><td><div class="stacktrace">org.testng.TestNGException: 
Parameter &apos;browserName&apos; is required by BeforeClass on method beforeclassopenBrowser but has not been marked @Optional or defined
in D:\Maven and Cucumber Projects\amazon1\test-output\Default suite\testng-failed.xml
	at java.base/java.util.ArrayList.forEach(ArrayList.java:1597)
... Removed 22 stack frames</div></td></tr></table><p class="totop"><a href="#summary">back to summary</a></p>
</body>
</html>
